{
  "RSpec": {
    "coverage": {
      "/home/happy-commit-3837/tic-tac-toe-rb-online-web-sp-000/lib/tic_tac_toe.rb": [
        null,
        null,
        1,
        null,
        null,
        null,
        null,
        null,
        null,
        null,
        null,
        null,
        null,
        null,
        1,
        4,
        4,
        4,
        4,
        4,
        null,
        null,
        null,
        null,
        1,
        6,
        null,
        null,
        null,
        null,
        1,
        5,
        null,
        null,
        null,
        null,
        1,
        11,
        null,
        null,
        null,
        null,
        1,
        7,
        null,
        null,
        null,
        null,
        1,
        4,
        4,
        36,
        null,
        4,
        null,
        null,
        null,
        null,
        1,
        3,
        null,
        null,
        null,
        null,
        null,
        null,
        null,
        null,
        null,
        1,
        3,
        3,
        3,
        null,
        3,
        2,
        2,
        null,
        0,
        1,
        1,
        null,
        null,
        null,
        null,
        null,
        null,
        1,
        17,
        119,
        7,
        112,
        2,
        null,
        110,
        null,
        null,
        null,
        null,
        null,
        null,
        1,
        56,
        null,
        null,
        null,
        null,
        1,
        8,
        3,
        null,
        5,
        null,
        null,
        null,
        null,
        null,
        1,
        3,
        1,
        2,
        1,
        1,
        0,
        null,
        1,
        null,
        null,
        null,
        null,
        null,
        1,
        3,
        2,
        null,
        null,
        null,
        null,
        null,
        null,
        1,
        0,
        0,
        0,
        0,
        0,
        null,
        null,
        null,
        null,
        null
      ]
    },
    "timestamp": 1621001631
  }
}
