{
  "RSpec": {
    "coverage": {
      "/home/happy-commit-3837/tic-tac-toe-rb-online-web-sp-000/lib/tic_tac_toe.rb": [
        null,
        null,
        1,
        null,
        null,
        null,
        null,
        null,
        null,
        null,
        null,
        null,
        null,
        null,
        1,
        12,
        12,
        12,
        12,
        12,
        null,
        null,
        null,
        null,
        1,
        14,
        null,
        null,
        null,
        null,
        1,
        13,
        null,
        null,
        null,
        null,
        1,
        19,
        null,
        null,
        null,
        null,
        1,
        15,
        null,
        null,
        null,
        null,
        1,
        12,
        12,
        108,
        null,
        12,
        null,
        null,
        null,
        null,
        1,
        11,
        null,
        null,
        null,
        null,
        null,
        null,
        null,
        null,
        null,
        1,
        11,
        11,
        11,
        null,
        11,
        10,
        10,
        null,
        0,
        1,
        1,
        null,
        null,
        null,
        null,
        null,
        null,
        1,
        40,
        261,
        13,
        248,
        2,
        null,
        246,
        null,
        null,
        null,
        null,
        null,
        null,
        1,
        105,
        null,
        null,
        null,
        null,
        1,
        18,
        3,
        null,
        15,
        null,
        null,
        null,
        null,
        null,
        1,
        8,
        2,
        6,
        1,
        5,
        3,
        null,
        2,
        null,
        null,
        null,
        null,
        null,
        1,
        3,
        2,
        null,
        null,
        null,
        null,
        null,
        null,
        1,
        8,
        8,
        null,
        8,
        0,
        8,
        0,
        null,
        null,
        null,
        null,
        null,
        null
      ]
    },
    "timestamp": 1621948132
  }
}
